<?xml version="1.0" encoding="UTF-8"?>
<testsuite xmlns:xsi="http://www.w3.org/2001/XMLSchema-instance" xsi:noNamespaceSchemaLocation="https://maven.apache.org/surefire/maven-surefire-plugin/xsd/surefire-test-report-3.0.xsd" version="3.0" name="com.RentToolControllerTest" time="4.457" tests="11" errors="0" skipped="0" failures="0">
  <properties>
[...]
</properties>
  <testcase name="test10" classname="com.RentToolControllerTest" time="0.212">
    <system-out><![CDATA[2023-07-11T12:33:42.647-04:00  INFO 10640 --- [           main] t.c.s.AnnotationConfigContextLoaderUtils : Could not detect default configuration classes for test class [com.RentToolControllerTest]: RentToolControllerTest does not declare any static, non-private, non-final, nested classes annotated with @Configuration.
2023-07-11T12:33:42.657-04:00  INFO 10640 --- [           main] .b.t.c.SpringBootTestContextBootstrapper : Found @SpringBootConfiguration com.Application for test class com.RentToolControllerTest

  .   ____          _            __ _ _
 /\\ / ___'_ __ _ _(_)_ __  __ _ \ \ \ \
( ( )\___ | '_ | '_| | '_ \/ _` | \ \ \ \
 \\/  ___)| |_)| | | | | || (_| |  ) ) ) )
  '  |____| .__|_| |_|_| |_\__, | / / / /
 =========|_|==============|___/=/_/_/_/
 :: Spring Boot ::                (v3.1.1)

2023-07-11T12:33:42.692-04:00  INFO 10640 --- [           main] com.RentToolControllerTest               : Starting RentToolControllerTest using Java 17.0.7 with PID 10640 (started by ianpe in C:\Users\ianpe\vscodeprojects\ip0623)
2023-07-11T12:33:42.693-04:00  INFO 10640 --- [           main] com.RentToolControllerTest               : No active profile set, falling back to 1 default profile: "default"
2023-07-11T12:33:43.587-04:00  INFO 10640 --- [           main] .s.d.r.c.RepositoryConfigurationDelegate : Bootstrapping Spring Data JDBC repositories in DEFAULT mode.
2023-07-11T12:33:43.684-04:00  INFO 10640 --- [           main] .s.d.r.c.RepositoryConfigurationDelegate : Finished Spring Data repository scanning in 96 ms. Found 0 JDBC repository interfaces.
2023-07-11T12:33:43.739-04:00  INFO 10640 --- [           main] o.s.b.w.embedded.tomcat.TomcatWebServer  : Tomcat initialized with port(s): 0 (http)
2023-07-11T12:33:43.741-04:00  INFO 10640 --- [           main] o.apache.catalina.core.StandardService   : Starting service [Tomcat]
2023-07-11T12:33:43.741-04:00  INFO 10640 --- [           main] o.apache.catalina.core.StandardEngine    : Starting Servlet engine: [Apache Tomcat/10.1.10]
2023-07-11T12:33:43.759-04:00  INFO 10640 --- [           main] o.a.c.c.C.[Tomcat-1].[localhost].[/]     : Initializing Spring embedded WebApplicationContext
2023-07-11T12:33:43.760-04:00  INFO 10640 --- [           main] w.s.c.ServletWebServerApplicationContext : Root WebApplicationContext: initialization completed in 1063 ms
2023-07-11T12:33:43.871-04:00  INFO 10640 --- [           main] o.s.b.a.w.s.WelcomePageHandlerMapping    : Adding welcome page: class path resource [static/index.html]
2023-07-11T12:33:43.950-04:00  INFO 10640 --- [           main] com.zaxxer.hikari.HikariDataSource       : HikariPool-2 - Starting...
2023-07-11T12:33:44.438-04:00  INFO 10640 --- [           main] com.zaxxer.hikari.pool.HikariPool        : HikariPool-2 - Added connection org.postgresql.jdbc.PgConnection@70eb3b36
2023-07-11T12:33:44.439-04:00  INFO 10640 --- [           main] com.zaxxer.hikari.HikariDataSource       : HikariPool-2 - Start completed.
2023-07-11T12:33:44.509-04:00  INFO 10640 --- [           main] o.a.c.c.C.[Tomcat-1].[localhost].[/]     : Initializing Spring TestDispatcherServlet ''
2023-07-11T12:33:44.510-04:00  INFO 10640 --- [           main] o.s.t.web.servlet.TestDispatcherServlet  : Initializing Servlet ''
2023-07-11T12:33:44.511-04:00  INFO 10640 --- [           main] o.s.t.web.servlet.TestDispatcherServlet  : Completed initialization in 1 ms
2023-07-11T12:33:44.530-04:00  INFO 10640 --- [           main] o.s.b.w.embedded.tomcat.TomcatWebServer  : Tomcat started on port(s): 55250 (http) with context path ''
2023-07-11T12:33:44.532-04:00  INFO 10640 --- [           main] com.RentToolControllerTest               : Started RentToolControllerTest in 1.872 seconds (process running for 9.655)
2023-07-11T12:33:44.987-04:00  INFO 10640 --- [           main] com.services.RentToolService             : Tool Choices ToolChoices[id=4, code='JAKR', toolBrand='ToolBrand[id=4, name='Ridgid']', toolType = 'ToolType[id=3, name='Jackhammer']']
2023-07-11T12:33:45.058-04:00  INFO 10640 --- [           main] com.services.RentToolService             : Tool Charges ToolCharges[id=3, toolType='ToolType[id=3, name='Jackhammer']', dailyCharge=      2.99, weekdayCharge=1, weekendCharge=0, holidayCharge=0]
2023-07-11T12:33:45.058-04:00  INFO 10640 --- [           main] com.services.RentToolService             : Discount 0
2023-07-11T12:33:45.058-04:00  INFO 10640 --- [           main] com.services.RentToolService             : Checkout Date 2021-07-02
2023-07-11T12:33:45.058-04:00  INFO 10640 --- [           main] com.services.RentToolService             : Rental days 4
2023-07-11T12:33:45.059-04:00  INFO 10640 --- [           main] com.services.RentToolService             : Observed July 4th on Monday 2021-07-05
2023-07-11T12:33:45.059-04:00  INFO 10640 --- [           main] com.services.RentToolService             : Charge Dates [2021-07-06]
2023-07-11T12:33:45.059-04:00  INFO 10640 --- [           main] com.services.RentToolService             : No Charge Dates [2021-07-03, 2021-07-04, 2021-07-05]
Tool Code           : JAKR
Tool Type           : Jackhammer
Tool Brand          : Ridgid
Rental Days         : 4
Checkout Date      : 07/02/21
Due Date            : 07/06/21
Daily Rental Charge : $2.99
Charge Days         : 1
Pre-discount Charge : $2.99
Discount Percent    : 0%
Discount Amount     : $0.00
Final Charge        : $2.99
]]></system-out>
  </testcase>
  <testcase name="test11" classname="com.RentToolControllerTest" time="0.19">
    <system-out><![CDATA[2023-07-11T12:33:45.178-04:00  INFO 10640 --- [           main] com.services.RentToolService             : Tool Choices ToolChoices[id=4, code='JAKR', toolBrand='ToolBrand[id=4, name='Ridgid']', toolType = 'ToolType[id=3, name='Jackhammer']']
2023-07-11T12:33:45.252-04:00  INFO 10640 --- [           main] com.services.RentToolService             : Tool Charges ToolCharges[id=3, toolType='ToolType[id=3, name='Jackhammer']', dailyCharge=      2.99, weekdayCharge=1, weekendCharge=0, holidayCharge=0]
2023-07-11T12:33:45.252-04:00  INFO 10640 --- [           main] com.services.RentToolService             : Discount 50
2023-07-11T12:33:45.253-04:00 ERROR 10640 --- [           main] com.services.RentToolService             : Invalid date format
ERROR_CHECKOUT_DATE
]]></system-out>
  </testcase>
  <testcase name="test1" classname="com.RentToolControllerTest" time="0.19">
    <system-out><![CDATA[2023-07-11T12:33:45.364-04:00  INFO 10640 --- [           main] com.services.RentToolService             : Tool Choices ToolChoices[id=4, code='JAKR', toolBrand='ToolBrand[id=4, name='Ridgid']', toolType = 'ToolType[id=3, name='Jackhammer']']
2023-07-11T12:33:45.448-04:00  INFO 10640 --- [           main] com.services.RentToolService             : Tool Charges ToolCharges[id=3, toolType='ToolType[id=3, name='Jackhammer']', dailyCharge=      2.99, weekdayCharge=1, weekendCharge=0, holidayCharge=0]
2023-07-11T12:33:45.448-04:00  INFO 10640 --- [           main] com.services.RentToolService             : Discount 101
]]></system-out>
  </testcase>
  <testcase name="test2" classname="com.RentToolControllerTest" time="0.181">
    <system-out><![CDATA[2023-07-11T12:33:45.557-04:00  INFO 10640 --- [           main] com.services.RentToolService             : Tool Choices ToolChoices[id=2, code='LADW', toolBrand='ToolBrand[id=2, name='Werner']', toolType = 'ToolType[id=2, name='Ladder']']
2023-07-11T12:33:45.628-04:00  INFO 10640 --- [           main] com.services.RentToolService             : Tool Charges ToolCharges[id=1, toolType='ToolType[id=2, name='Ladder']', dailyCharge=      1.99, weekdayCharge=1, weekendCharge=1, holidayCharge=0]
2023-07-11T12:33:45.629-04:00  INFO 10640 --- [           main] com.services.RentToolService             : Discount 10
2023-07-11T12:33:45.629-04:00  INFO 10640 --- [           main] com.services.RentToolService             : Checkout Date 2020-07-02
2023-07-11T12:33:45.629-04:00  INFO 10640 --- [           main] com.services.RentToolService             : Rental days 3
2023-07-11T12:33:45.629-04:00  INFO 10640 --- [           main] com.services.RentToolService             : Observed July 4th on Friday 2020-07-03
2023-07-11T12:33:45.629-04:00  INFO 10640 --- [           main] com.services.RentToolService             : Charge Dates [2020-07-04, 2020-07-05]
2023-07-11T12:33:45.629-04:00  INFO 10640 --- [           main] com.services.RentToolService             : No Charge Dates [2020-07-03]
Tool Code           : LADW
Tool Type           : Ladder
Tool Brand          : Werner
Rental Days         : 3
Checkout Date      : 07/02/20
Due Date            : 07/05/20
Daily Rental Charge : $1.99
Charge Days         : 2
Pre-discount Charge : $3.98
Discount Percent    : 10%
Discount Amount     : $0.40
Final Charge        : $3.58
]]></system-out>
  </testcase>
  <testcase name="test3" classname="com.RentToolControllerTest" time="0.175">
    <system-out><![CDATA[2023-07-11T12:33:45.731-04:00  INFO 10640 --- [           main] com.services.RentToolService             : Tool Choices ToolChoices[id=1, code='CHNS', toolBrand='ToolBrand[id=1, name='Stihl']', toolType = 'ToolType[id=1, name='Chainsaw']']
2023-07-11T12:33:45.805-04:00  INFO 10640 --- [           main] com.services.RentToolService             : Tool Charges ToolCharges[id=2, toolType='ToolType[id=1, name='Chainsaw']', dailyCharge=      1.49, weekdayCharge=1, weekendCharge=0, holidayCharge=1]
2023-07-11T12:33:45.805-04:00  INFO 10640 --- [           main] com.services.RentToolService             : Discount 25
2023-07-11T12:33:45.805-04:00  INFO 10640 --- [           main] com.services.RentToolService             : Checkout Date 2015-07-02
2023-07-11T12:33:45.805-04:00  INFO 10640 --- [           main] com.services.RentToolService             : Rental days 5
2023-07-11T12:33:45.805-04:00  INFO 10640 --- [           main] com.services.RentToolService             : Observed July 4th on Friday 2015-07-03
2023-07-11T12:33:45.805-04:00  INFO 10640 --- [           main] com.services.RentToolService             : Charge Dates [2015-07-03, 2015-07-06, 2015-07-07]
2023-07-11T12:33:45.805-04:00  INFO 10640 --- [           main] com.services.RentToolService             : No Charge Dates [2015-07-04, 2015-07-05]
Tool Code           : CHNS
Tool Type           : Chainsaw
Tool Brand          : Stihl
Rental Days         : 5
Checkout Date      : 07/02/15
Due Date            : 07/07/15
Daily Rental Charge : $1.49
Charge Days         : 3
Pre-discount Charge : $4.47
Discount Percent    : 25%
Discount Amount     : $1.12
Final Charge        : $3.35
]]></system-out>
  </testcase>
  <testcase name="test4" classname="com.RentToolControllerTest" time="0.18">
    <system-out><![CDATA[2023-07-11T12:33:45.908-04:00  INFO 10640 --- [           main] com.services.RentToolService             : Tool Choices ToolChoices[id=3, code='JAKD', toolBrand='ToolBrand[id=3, name='DeWalt']', toolType = 'ToolType[id=3, name='Jackhammer']']
2023-07-11T12:33:45.979-04:00  INFO 10640 --- [           main] com.services.RentToolService             : Tool Charges ToolCharges[id=3, toolType='ToolType[id=3, name='Jackhammer']', dailyCharge=      2.99, weekdayCharge=1, weekendCharge=0, holidayCharge=0]
2023-07-11T12:33:45.980-04:00  INFO 10640 --- [           main] com.services.RentToolService             : Discount 0
2023-07-11T12:33:45.981-04:00  INFO 10640 --- [           main] com.services.RentToolService             : Checkout Date 2015-09-03
2023-07-11T12:33:45.981-04:00  INFO 10640 --- [           main] com.services.RentToolService             : Rental days 6
2023-07-11T12:33:45.982-04:00  INFO 10640 --- [           main] com.services.RentToolService             : Labor Day 2015-09-07
2023-07-11T12:33:45.982-04:00  INFO 10640 --- [           main] com.services.RentToolService             : Charge Dates [2015-09-04, 2015-09-08, 2015-09-09]
2023-07-11T12:33:45.982-04:00  INFO 10640 --- [           main] com.services.RentToolService             : No Charge Dates [2015-09-05, 2015-09-06, 2015-09-07]
Tool Code           : JAKD
Tool Type           : Jackhammer
Tool Brand          : DeWalt
Rental Days         : 6
Checkout Date      : 09/03/15
Due Date            : 09/09/15
Daily Rental Charge : $2.99
Charge Days         : 3
Pre-discount Charge : $8.97
Discount Percent    : 0%
Discount Amount     : $0.00
Final Charge        : $8.97
]]></system-out>
  </testcase>
  <testcase name="test5" classname="com.RentToolControllerTest" time="0.176">
    <system-out><![CDATA[2023-07-11T12:33:46.097-04:00  INFO 10640 --- [           main] com.services.RentToolService             : Tool Choices ToolChoices[id=4, code='JAKR', toolBrand='ToolBrand[id=4, name='Ridgid']', toolType = 'ToolType[id=3, name='Jackhammer']']
2023-07-11T12:33:46.162-04:00  INFO 10640 --- [           main] com.services.RentToolService             : Tool Charges ToolCharges[id=3, toolType='ToolType[id=3, name='Jackhammer']', dailyCharge=      2.99, weekdayCharge=1, weekendCharge=0, holidayCharge=0]
2023-07-11T12:33:46.163-04:00  INFO 10640 --- [           main] com.services.RentToolService             : Discount 0
2023-07-11T12:33:46.163-04:00  INFO 10640 --- [           main] com.services.RentToolService             : Checkout Date 2015-07-02
2023-07-11T12:33:46.163-04:00  INFO 10640 --- [           main] com.services.RentToolService             : Rental days 9
2023-07-11T12:33:46.163-04:00  INFO 10640 --- [           main] com.services.RentToolService             : Observed July 4th on Friday 2015-07-03
2023-07-11T12:33:46.164-04:00  INFO 10640 --- [           main] com.services.RentToolService             : Charge Dates [2015-07-06, 2015-07-07, 2015-07-08, 2015-07-09, 2015-07-10]
2023-07-11T12:33:46.164-04:00  INFO 10640 --- [           main] com.services.RentToolService             : No Charge Dates [2015-07-03, 2015-07-04, 2015-07-05, 2015-07-11]
Tool Code           : JAKR
Tool Type           : Jackhammer
Tool Brand          : Ridgid
Rental Days         : 9
Checkout Date      : 07/02/15
Due Date            : 07/11/15
Daily Rental Charge : $2.99
Charge Days         : 5
Pre-discount Charge : $14.95
Discount Percent    : 0%
Discount Amount     : $0.00
Final Charge        : $14.95
]]></system-out>
  </testcase>
  <testcase name="test6" classname="com.RentToolControllerTest" time="0.188">
    <system-out><![CDATA[2023-07-11T12:33:46.268-04:00  INFO 10640 --- [           main] com.services.RentToolService             : Tool Choices ToolChoices[id=4, code='JAKR', toolBrand='ToolBrand[id=4, name='Ridgid']', toolType = 'ToolType[id=3, name='Jackhammer']']
2023-07-11T12:33:46.349-04:00  INFO 10640 --- [           main] com.services.RentToolService             : Tool Charges ToolCharges[id=3, toolType='ToolType[id=3, name='Jackhammer']', dailyCharge=      2.99, weekdayCharge=1, weekendCharge=0, holidayCharge=0]
2023-07-11T12:33:46.349-04:00  INFO 10640 --- [           main] com.services.RentToolService             : Discount 50
2023-07-11T12:33:46.350-04:00  INFO 10640 --- [           main] com.services.RentToolService             : Checkout Date 2020-07-02
2023-07-11T12:33:46.350-04:00  INFO 10640 --- [           main] com.services.RentToolService             : Rental days 4
2023-07-11T12:33:46.350-04:00  INFO 10640 --- [           main] com.services.RentToolService             : Observed July 4th on Friday 2020-07-03
2023-07-11T12:33:46.352-04:00  INFO 10640 --- [           main] com.services.RentToolService             : Charge Dates [2020-07-06]
2023-07-11T12:33:46.352-04:00  INFO 10640 --- [           main] com.services.RentToolService             : No Charge Dates [2020-07-03, 2020-07-04, 2020-07-05]
Tool Code           : JAKR
Tool Type           : Jackhammer
Tool Brand          : Ridgid
Rental Days         : 4
Checkout Date      : 07/02/20
Due Date            : 07/06/20
Daily Rental Charge : $2.99
Charge Days         : 1
Pre-discount Charge : $2.99
Discount Percent    : 50%
Discount Amount     : $1.50
Final Charge        : $1.49
]]></system-out>
  </testcase>
  <testcase name="test7" classname="com.RentToolControllerTest" time="0.175">
    <system-out><![CDATA[2023-07-11T12:33:46.465-04:00  INFO 10640 --- [           main] com.services.RentToolService             : Tool Choices ToolChoices[id=4, code='JAKR', toolBrand='ToolBrand[id=4, name='Ridgid']', toolType = 'ToolType[id=3, name='Jackhammer']']
2023-07-11T12:33:46.529-04:00  INFO 10640 --- [           main] com.services.RentToolService             : Tool Charges ToolCharges[id=3, toolType='ToolType[id=3, name='Jackhammer']', dailyCharge=      2.99, weekdayCharge=1, weekendCharge=0, holidayCharge=0]
2023-07-11T12:33:46.530-04:00  INFO 10640 --- [           main] com.services.RentToolService             : Discount -1
ERROR_PERCENT_OUT_OF_RANGE
]]></system-out>
  </testcase>
  <testcase name="test8" classname="com.RentToolControllerTest" time="0.188">
    <system-out><![CDATA[2023-07-11T12:33:46.649-04:00  INFO 10640 --- [           main] com.services.RentToolService             : Tool Choices ToolChoices[id=4, code='JAKR', toolBrand='ToolBrand[id=4, name='Ridgid']', toolType = 'ToolType[id=3, name='Jackhammer']']
2023-07-11T12:33:46.718-04:00  INFO 10640 --- [           main] com.services.RentToolService             : Tool Charges ToolCharges[id=3, toolType='ToolType[id=3, name='Jackhammer']', dailyCharge=      2.99, weekdayCharge=1, weekendCharge=0, holidayCharge=0]
2023-07-11T12:33:46.718-04:00  INFO 10640 --- [           main] com.services.RentToolService             : Discount -1
ERROR_PERCENT_OUT_OF_RANGE
]]></system-out>
  </testcase>
  <testcase name="test9" classname="com.RentToolControllerTest" time="0.24">
    <system-out><![CDATA[2023-07-11T12:33:46.845-04:00  INFO 10640 --- [           main] com.services.RentToolService             : Tool Choices ToolChoices[id=4, code='JAKR', toolBrand='ToolBrand[id=4, name='Ridgid']', toolType = 'ToolType[id=3, name='Jackhammer']']
2023-07-11T12:33:46.957-04:00  INFO 10640 --- [           main] com.services.RentToolService             : Tool Charges ToolCharges[id=3, toolType='ToolType[id=3, name='Jackhammer']', dailyCharge=      2.99, weekdayCharge=1, weekendCharge=0, holidayCharge=0]
2023-07-11T12:33:46.957-04:00  INFO 10640 --- [           main] com.services.RentToolService             : Discount 50
2023-07-11T12:33:46.958-04:00  INFO 10640 --- [           main] com.services.RentToolService             : Checkout Date 2020-07-02
2023-07-11T12:33:46.958-04:00  INFO 10640 --- [           main] com.services.RentToolService             : Rental days 0
ERROR_RENTAL_DAY_COUNT_OUT_OF_RANGE
]]></system-out>
  </testcase>
</testsuite>