<?xml version="1.0" encoding="UTF-8"?>
<testsuite xmlns:xsi="http://www.w3.org/2001/XMLSchema-instance" xsi:noNamespaceSchemaLocation="https://maven.apache.org/surefire/maven-surefire-plugin/xsd/surefire-test-report-3.0.xsd" version="3.0" name="com.RentToolControllerTest" time="4.558" tests="10" errors="0" skipped="0" failures="0">
  <properties>
[...]
</properties>
  <testcase name="test10" classname="com.RentToolControllerTest" time="0.231">
    <system-out><![CDATA[2023-07-10T23:09:32.486-04:00  INFO 15968 --- [           main] t.c.s.AnnotationConfigContextLoaderUtils : Could not detect default configuration classes for test class [com.RentToolControllerTest]: RentToolControllerTest does not declare any static, non-private, non-final, nested classes annotated with @Configuration.
2023-07-10T23:09:32.498-04:00  INFO 15968 --- [           main] .b.t.c.SpringBootTestContextBootstrapper : Found @SpringBootConfiguration com.Application for test class com.RentToolControllerTest

  .   ____          _            __ _ _
 /\\ / ___'_ __ _ _(_)_ __  __ _ \ \ \ \
( ( )\___ | '_ | '_| | '_ \/ _` | \ \ \ \
 \\/  ___)| |_)| | | | | || (_| |  ) ) ) )
  '  |____| .__|_| |_|_| |_\__, | / / / /
 =========|_|==============|___/=/_/_/_/
 :: Spring Boot ::                (v3.1.1)

2023-07-10T23:09:32.548-04:00  INFO 15968 --- [           main] com.RentToolControllerTest               : Starting RentToolControllerTest using Java 17.0.7 with PID 15968 (started by ianpe in C:\Users\ianpe\vscodeprojects\ip0623)
2023-07-10T23:09:32.548-04:00  INFO 15968 --- [           main] com.RentToolControllerTest               : No active profile set, falling back to 1 default profile: "default"
2023-07-10T23:09:33.482-04:00  INFO 15968 --- [           main] .s.d.r.c.RepositoryConfigurationDelegate : Bootstrapping Spring Data JDBC repositories in DEFAULT mode.
2023-07-10T23:09:33.591-04:00  INFO 15968 --- [           main] .s.d.r.c.RepositoryConfigurationDelegate : Finished Spring Data repository scanning in 108 ms. Found 0 JDBC repository interfaces.
2023-07-10T23:09:33.654-04:00  INFO 15968 --- [           main] o.s.b.w.embedded.tomcat.TomcatWebServer  : Tomcat initialized with port(s): 0 (http)
2023-07-10T23:09:33.655-04:00  INFO 15968 --- [           main] o.apache.catalina.core.StandardService   : Starting service [Tomcat]
2023-07-10T23:09:33.655-04:00  INFO 15968 --- [           main] o.apache.catalina.core.StandardEngine    : Starting Servlet engine: [Apache Tomcat/10.1.10]
2023-07-10T23:09:33.674-04:00  INFO 15968 --- [           main] o.a.c.c.C.[Tomcat-1].[localhost].[/]     : Initializing Spring embedded WebApplicationContext
2023-07-10T23:09:33.674-04:00  INFO 15968 --- [           main] w.s.c.ServletWebServerApplicationContext : Root WebApplicationContext: initialization completed in 1124 ms
2023-07-10T23:09:33.781-04:00  INFO 15968 --- [           main] o.s.b.a.w.s.WelcomePageHandlerMapping    : Adding welcome page: class path resource [static/index.html]
2023-07-10T23:09:33.829-04:00  INFO 15968 --- [           main] com.zaxxer.hikari.HikariDataSource       : HikariPool-2 - Starting...
2023-07-10T23:09:34.340-04:00  INFO 15968 --- [           main] com.zaxxer.hikari.pool.HikariPool        : HikariPool-2 - Added connection org.postgresql.jdbc.PgConnection@5fe8810d
2023-07-10T23:09:34.341-04:00  INFO 15968 --- [           main] com.zaxxer.hikari.HikariDataSource       : HikariPool-2 - Start completed.
2023-07-10T23:09:34.366-04:00  INFO 15968 --- [           main] o.a.c.c.C.[Tomcat-1].[localhost].[/]     : Initializing Spring TestDispatcherServlet ''
2023-07-10T23:09:34.366-04:00  INFO 15968 --- [           main] o.s.t.web.servlet.TestDispatcherServlet  : Initializing Servlet ''
2023-07-10T23:09:34.367-04:00  INFO 15968 --- [           main] o.s.t.web.servlet.TestDispatcherServlet  : Completed initialization in 1 ms
2023-07-10T23:09:34.383-04:00  INFO 15968 --- [           main] o.s.b.w.embedded.tomcat.TomcatWebServer  : Tomcat started on port(s): 51189 (http) with context path ''
2023-07-10T23:09:34.386-04:00  INFO 15968 --- [           main] com.RentToolControllerTest               : Started RentToolControllerTest in 1.884 seconds (process running for 10.059)
2023-07-10T23:09:34.954-04:00  INFO 15968 --- [           main] com.services.RentToolService             : Observed July 4th on Monday 2021-07-05
2023-07-10T23:09:34.955-04:00  INFO 15968 --- [           main] com.services.RentToolService             : Charge Dates [2021-07-06]
2023-07-10T23:09:34.955-04:00  INFO 15968 --- [           main] com.services.RentToolService             : No Charge Dates [2021-07-03, 2021-07-04, 2021-07-05]
Tool Code           : JAKR
Tool Type           : Jackhammer
Tool Brand          : Ridgid
Rental Days         : 4
Checkout Date      : 07/02/21
Due Date            : 07/06/21
Daily Rental Charge : $2.99
Charge Days         : 1
Pre-discount Charge : $2.99
Discount Percent    : 0%
Discount Amount     : $0.00
Final Charge        : $2.99
]]></system-out>
  </testcase>
  <testcase name="test1" classname="com.RentToolControllerTest" time="0.195"/>
  <testcase name="test2" classname="com.RentToolControllerTest" time="0.211">
    <system-out><![CDATA[2023-07-10T23:09:35.371-04:00  INFO 15968 --- [           main] com.services.RentToolService             : Observed July 4th on Friday 2020-07-03
2023-07-10T23:09:35.372-04:00  INFO 15968 --- [           main] com.services.RentToolService             : Charge Dates [2020-07-04, 2020-07-05]
2023-07-10T23:09:35.372-04:00  INFO 15968 --- [           main] com.services.RentToolService             : No Charge Dates [2020-07-03]
Tool Code           : LADW
Tool Type           : Ladder
Tool Brand          : Werner
Rental Days         : 3
Checkout Date      : 07/02/20
Due Date            : 07/05/20
Daily Rental Charge : $1.99
Charge Days         : 2
Pre-discount Charge : $3.98
Discount Percent    : 10%
Discount Amount     : $0.40
Final Charge        : $3.58
]]></system-out>
  </testcase>
  <testcase name="test3" classname="com.RentToolControllerTest" time="0.212">
    <system-out><![CDATA[2023-07-10T23:09:35.584-04:00  INFO 15968 --- [           main] com.services.RentToolService             : Observed July 4th on Friday 2015-07-03
2023-07-10T23:09:35.585-04:00  INFO 15968 --- [           main] com.services.RentToolService             : Charge Dates [2015-07-03, 2015-07-06, 2015-07-07]
2023-07-10T23:09:35.585-04:00  INFO 15968 --- [           main] com.services.RentToolService             : No Charge Dates [2015-07-04, 2015-07-05]
Tool Code           : CHNS
Tool Type           : Chainsaw
Tool Brand          : Stihl
Rental Days         : 5
Checkout Date      : 07/02/15
Due Date            : 07/07/15
Daily Rental Charge : $1.49
Charge Days         : 3
Pre-discount Charge : $4.47
Discount Percent    : 25%
Discount Amount     : $1.12
Final Charge        : $3.35
]]></system-out>
  </testcase>
  <testcase name="test4" classname="com.RentToolControllerTest" time="0.228">
    <system-out><![CDATA[2023-07-10T23:09:35.812-04:00  INFO 15968 --- [           main] com.services.RentToolService             : Labor Day 2015-09-07
2023-07-10T23:09:35.812-04:00  INFO 15968 --- [           main] com.services.RentToolService             : Charge Dates [2015-09-04, 2015-09-08, 2015-09-09]
2023-07-10T23:09:35.813-04:00  INFO 15968 --- [           main] com.services.RentToolService             : No Charge Dates [2015-09-05, 2015-09-06, 2015-09-07]
Tool Code           : JAKD
Tool Type           : Jackhammer
Tool Brand          : DeWalt
Rental Days         : 6
Checkout Date      : 09/03/15
Due Date            : 09/09/15
Daily Rental Charge : $2.99
Charge Days         : 3
Pre-discount Charge : $8.97
Discount Percent    : 0%
Discount Amount     : $0.00
Final Charge        : $8.97
]]></system-out>
  </testcase>
  <testcase name="test5" classname="com.RentToolControllerTest" time="0.231">
    <system-out><![CDATA[2023-07-10T23:09:36.043-04:00  INFO 15968 --- [           main] com.services.RentToolService             : Observed July 4th on Friday 2015-07-03
2023-07-10T23:09:36.043-04:00  INFO 15968 --- [           main] com.services.RentToolService             : Charge Dates [2015-07-06, 2015-07-07, 2015-07-08, 2015-07-09, 2015-07-10]
2023-07-10T23:09:36.043-04:00  INFO 15968 --- [           main] com.services.RentToolService             : No Charge Dates [2015-07-03, 2015-07-04, 2015-07-05, 2015-07-11]
Tool Code           : JAKR
Tool Type           : Jackhammer
Tool Brand          : Ridgid
Rental Days         : 9
Checkout Date      : 07/02/15
Due Date            : 07/11/15
Daily Rental Charge : $2.99
Charge Days         : 5
Pre-discount Charge : $14.95
Discount Percent    : 0%
Discount Amount     : $0.00
Final Charge        : $14.95
]]></system-out>
  </testcase>
  <testcase name="test6" classname="com.RentToolControllerTest" time="0.224">
    <system-out><![CDATA[2023-07-10T23:09:36.266-04:00  INFO 15968 --- [           main] com.services.RentToolService             : Observed July 4th on Friday 2020-07-03
2023-07-10T23:09:36.266-04:00  INFO 15968 --- [           main] com.services.RentToolService             : Charge Dates [2020-07-06]
2023-07-10T23:09:36.266-04:00  INFO 15968 --- [           main] com.services.RentToolService             : No Charge Dates [2020-07-03, 2020-07-04, 2020-07-05]
Tool Code           : JAKR
Tool Type           : Jackhammer
Tool Brand          : Ridgid
Rental Days         : 4
Checkout Date      : 07/02/20
Due Date            : 07/06/20
Daily Rental Charge : $2.99
Charge Days         : 1
Pre-discount Charge : $2.99
Discount Percent    : 50%
Discount Amount     : $1.50
Final Charge        : $1.49
]]></system-out>
  </testcase>
  <testcase name="test7" classname="com.RentToolControllerTest" time="0.225">
    <system-out><![CDATA[ERROR_PERCENT_OUT_OF_RANGE
]]></system-out>
  </testcase>
  <testcase name="test8" classname="com.RentToolControllerTest" time="0.184">
    <system-out><![CDATA[ERROR_PERCENT_OUT_OF_RANGE
]]></system-out>
  </testcase>
  <testcase name="test9" classname="com.RentToolControllerTest" time="0.194">
    <system-out><![CDATA[ERROR_RENTAL_DAY_COUNT_OUT_OF_RANGE
]]></system-out>
  </testcase>
</testsuite>