<?xml version="1.0" encoding="UTF-8"?>
<testsuite xmlns:xsi="http://www.w3.org/2001/XMLSchema-instance" xsi:noNamespaceSchemaLocation="https://maven.apache.org/surefire/maven-surefire-plugin/xsd/surefire-test-report-3.0.xsd" version="3.0" name="com.ToolChargesControllerTest" time="0.967" tests="3" errors="0" skipped="0" failures="0">
  <properties>
[...]
</properties>
  <testcase name="createOneToolCharges" classname="com.ToolChargesControllerTest" time="0.303">
    <system-out><![CDATA[2023-07-11T12:33:47.955-04:00  INFO 10640 --- [           main] t.c.s.AnnotationConfigContextLoaderUtils : Could not detect default configuration classes for test class [com.ToolChargesControllerTest]: ToolChargesControllerTest does not declare any static, non-private, non-final, nested classes annotated with @Configuration.
2023-07-11T12:33:47.958-04:00  INFO 10640 --- [           main] .b.t.c.SpringBootTestContextBootstrapper : Found @SpringBootConfiguration com.Application for test class com.ToolChargesControllerTest
]]></system-out>
  </testcase>
  <testcase name="getToolChargesById" classname="com.ToolChargesControllerTest" time="0.439"/>
  <testcase name="gatherAllToolChargesEmpty" classname="com.ToolChargesControllerTest" time="0.102"/>
</testsuite>