<?xml version="1.0" encoding="UTF-8"?>
<testsuite xmlns:xsi="http://www.w3.org/2001/XMLSchema-instance" xsi:noNamespaceSchemaLocation="https://maven.apache.org/surefire/maven-surefire-plugin/xsd/surefire-test-report-3.0.xsd" version="3.0" name="com.MainControllerTest" time="6.933" tests="1" errors="0" skipped="0" failures="0">
  <properties>
[...]
</properties>
  <testcase name="smokeTest" classname="com.MainControllerTest" time="1.322">
    <system-out><![CDATA[23:51:56.367 [main] INFO org.springframework.test.context.support.AnnotationConfigContextLoaderUtils -- Could not detect default configuration classes for test class [com.MainControllerTest]: MainControllerTest does not declare any static, non-private, non-final, nested classes annotated with @Configuration.
23:51:56.550 [main] INFO org.springframework.boot.test.context.SpringBootTestContextBootstrapper -- Found @SpringBootConfiguration com.Application for test class com.MainControllerTest

  .   ____          _            __ _ _
 /\\ / ___'_ __ _ _(_)_ __  __ _ \ \ \ \
( ( )\___ | '_ | '_| | '_ \/ _` | \ \ \ \
 \\/  ___)| |_)| | | | | || (_| |  ) ) ) )
  '  |____| .__|_| |_|_| |_\__, | / / / /
 =========|_|==============|___/=/_/_/_/
 :: Spring Boot ::                (v3.1.1)

2023-07-10T23:51:57.182-04:00  INFO 2576 --- [           main] com.MainControllerTest                   : Starting MainControllerTest using Java 17.0.7 with PID 2576 (started by ianpe in C:\Users\ianpe\vscodeprojects\ip0623)
2023-07-10T23:51:57.185-04:00  INFO 2576 --- [           main] com.MainControllerTest                   : No active profile set, falling back to 1 default profile: "default"
2023-07-10T23:51:58.674-04:00  INFO 2576 --- [           main] .s.d.r.c.RepositoryConfigurationDelegate : Bootstrapping Spring Data JDBC repositories in DEFAULT mode.
2023-07-10T23:51:58.822-04:00  INFO 2576 --- [           main] .s.d.r.c.RepositoryConfigurationDelegate : Finished Spring Data repository scanning in 143 ms. Found 0 JDBC repository interfaces.
2023-07-10T23:51:59.607-04:00  INFO 2576 --- [           main] o.s.b.w.embedded.tomcat.TomcatWebServer  : Tomcat initialized with port(s): 0 (http)
2023-07-10T23:51:59.619-04:00  INFO 2576 --- [           main] o.apache.catalina.core.StandardService   : Starting service [Tomcat]
2023-07-10T23:51:59.619-04:00  INFO 2576 --- [           main] o.apache.catalina.core.StandardEngine    : Starting Servlet engine: [Apache Tomcat/10.1.10]
2023-07-10T23:51:59.747-04:00  INFO 2576 --- [           main] o.a.c.c.C.[Tomcat].[localhost].[/]       : Initializing Spring embedded WebApplicationContext
2023-07-10T23:51:59.750-04:00  INFO 2576 --- [           main] w.s.c.ServletWebServerApplicationContext : Root WebApplicationContext: initialization completed in 2538 ms
2023-07-10T23:52:00.254-04:00  INFO 2576 --- [           main] o.s.b.a.w.s.WelcomePageHandlerMapping    : Adding welcome page: class path resource [static/index.html]
2023-07-10T23:52:00.462-04:00  INFO 2576 --- [           main] com.zaxxer.hikari.HikariDataSource       : HikariPool-1 - Starting...
2023-07-10T23:52:01.471-04:00  INFO 2576 --- [           main] com.zaxxer.hikari.pool.HikariPool        : HikariPool-1 - Added connection org.postgresql.jdbc.PgConnection@504a9352
2023-07-10T23:52:01.473-04:00  INFO 2576 --- [           main] com.zaxxer.hikari.HikariDataSource       : HikariPool-1 - Start completed.
2023-07-10T23:52:01.748-04:00  INFO 2576 --- [           main] o.s.b.w.embedded.tomcat.TomcatWebServer  : Tomcat started on port(s): 51780 (http) with context path ''
2023-07-10T23:52:01.764-04:00  INFO 2576 --- [           main] com.MainControllerTest                   : Started MainControllerTest in 4.959 seconds (process running for 6.263)
2023-07-10T23:52:02.962-04:00  INFO 2576 --- [o-auto-1-exec-1] o.a.c.c.C.[Tomcat].[localhost].[/]       : Initializing Spring DispatcherServlet 'dispatcherServlet'
2023-07-10T23:52:02.962-04:00  INFO 2576 --- [o-auto-1-exec-1] o.s.web.servlet.DispatcherServlet        : Initializing Servlet 'dispatcherServlet'
2023-07-10T23:52:02.963-04:00  INFO 2576 --- [o-auto-1-exec-1] o.s.web.servlet.DispatcherServlet        : Completed initialization in 1 ms
2023-07-10T23:52:02.994-04:00  INFO 2576 --- [o-auto-1-exec-1] com.controllers.MainController           : Main entrypoint called
]]></system-out>
  </testcase>
</testsuite>